{
  "stats": {
    "suites": 1,
    "tests": 1,
    "passes": 1,
    "pending": 0,
    "failures": 0,
    "testsRegistered": 1,
    "passPercent": 100,
    "pendingPercent": 0,
    "other": 0,
    "hasOther": false,
    "skipped": 0,
    "hasSkipped": false,
    "start": "2025-11-24T20:41:14.679Z",
    "end": "2025-11-24T20:41:16.122Z",
    "duration": 1443
  },
  "results": [
    {
      "uuid": "44068bec-9444-4618-8bcd-c86c44cc7b54",
      "title": "",
      "fullFile": "cypress/e2e/main/checkNavElements.spec.js",
      "file": "cypress/e2e/main/checkNavElements.spec.js",
      "beforeHooks": [],
      "afterHooks": [],
      "tests": [],
      "suites": [
        {
          "uuid": "dfa5fcd7-d722-4885-a7e6-4d4f49b27f28",
          "title": "Main page",
          "fullFile": "",
          "file": "",
          "beforeHooks": [],
          "afterHooks": [],
          "tests": [
            {
              "title": "all nav links be visible",
              "fullTitle": "Main page all nav links be visible",
              "timedOut": null,
              "duration": 1430,
              "state": "passed",
              "speed": "fast",
              "pass": true,
              "fail": false,
              "pending": false,
              "context": null,
              "code": "cy.get(\"nav.sidebar a\").then($links => {\n  const linkTexts = $links.map((index, link) => link.textContent).get();\n  expect(linkTexts, \"Navigation links should be valid\").to.be.deep.eq(expetedNavLinks);\n});",
              "err": {},
              "uuid": "aa877123-9fcb-4ce4-a6db-166ef0cae123",
              "parentUUID": "dfa5fcd7-d722-4885-a7e6-4d4f49b27f28",
              "isHook": false,
              "skipped": false
            }
          ],
          "suites": [],
          "passes": [
            "aa877123-9fcb-4ce4-a6db-166ef0cae123"
          ],
          "failures": [],
          "pending": [],
          "skipped": [],
          "duration": 1430,
          "root": false,
          "rootEmpty": false,
          "_timeout": 2000
        }
      ],
      "passes": [],
      "failures": [],
      "pending": [],
      "skipped": [],
      "duration": 0,
      "root": true,
      "rootEmpty": true,
      "_timeout": 2000
    }
  ],
  "meta": {
    "mocha": {
      "version": "7.2.0"
    },
    "mochawesome": {
      "options": {
        "quiet": false,
        "reportFilename": "mochawesome",
        "saveHtml": true,
        "saveJson": true,
        "consoleReporter": "spec",
        "useInlineDiffs": false,
        "code": true
      },
      "version": "7.1.4"
    },
    "marge": {
      "options": {
        "reportDir": "cypress/results",
        "overwrite": true,
        "html": true,
        "jsoon": true
      },
      "version": "6.3.2"
    }
  }
}